#
# A fatal error has been detected by the Java Runtime Environment:
#
#  EXCEPTION_ACCESS_VIOLATION (0xc0000005) at pc=0x00007fffe78e6997, pid=11572, tid=18328
#
# JRE version: Java(TM) SE Runtime Environment (16.0.2+7) (build 16.0.2+7-67)
# Java VM: Java HotSpot(TM) 64-Bit Server VM (16.0.2+7-67, mixed mode, sharing, tiered, compressed oops, compressed class ptrs, g1 gc, windows-amd64)
# Problematic frame:
# C  [glass.dll+0x26997]
#
# No core dump will be written. Minidumps are not enabled by default on client versions of Windows
#
# If you would like to submit a bug report, please visit:
#   https://bugreport.java.com/bugreport/crash.jsp
#

---------------  S U M M A R Y ------------

Command Line: -javaagent:C:\Program Files\JetBrains\IntelliJ IDEA 2021.2.1\lib\idea_rt.jar=55205:C:\Program Files\JetBrains\IntelliJ IDEA 2021.2.1\bin -Dfile.encoding=UTF-8 --module-path=C:\Users\neige\.m2\repository\org\openjfx\javafx-fxml\16\javafx-fxml-16-win.jar;C:\Users\neige\source\Java_repos\PROJ207_Group5_Module6_JavaFX-DARK2\target\classes;C:\Users\neige\.m2\repository\org\openjfx\javafx-controls\16\javafx-controls-16-win.jar;C:\Users\neige\.m2\repository\org\openjfx\javafx-graphics\16\javafx-graphics-16-win.jar;C:\Users\neige\.m2\repository\org\openjfx\javafx-base\16\javafx-base-16-win.jar -Djdk.module.main=com.te.dbmanager com.te.dbmanager/com.te.dbmanager.TravelExpertsApplication

Host: Intel(R) Core(TM) i7-9700 CPU @ 3.00GHz, 8 cores, 15G,  Windows 10 , 64 bit Build 19041 (10.0.19041.1202)
Time: Thu Oct 21 22:21:51 2021 Mountain Daylight Time elapsed time: 91.266203 seconds (0d 0h 1m 31s)

---------------  T H R E A D  ---------------

Current thread (0x0000018a6c7c60c0):  VMThread "VM Thread" [stack: 0x0000003bf2100000,0x0000003bf2200000] [id=18328]

Stack: [0x0000003bf2100000,0x0000003bf2200000],  sp=0x0000003bf21fec40,  free space=1019k
Native frames: (J=compiled Java code, j=interpreted, Vv=VM code, C=native code)
C  [glass.dll+0x26997]


siginfo: EXCEPTION_ACCESS_VIOLATION (0xc0000005), reading address 0x0000000000000000


Register to memory mapping:

RIP=0x00007fffe78e6997 glass.dll
RAX=0x0 is NULL
RBX=0x0000018a6c7cf0a0 is a global jni handle
RCX=0x0000018a6c7c60c0 points into unknown readable memory: 0x00007fffbce6f638 | 38 f6 e6 bc ff 7f 00 00
RDX=0x0000003bf21fec40 points into unknown readable memory: 0x0000000000000000 | 00 00 00 00 00 00 00 00
RSP=0x0000003bf21fec40 points into unknown readable memory: 0x0000000000000000 | 00 00 00 00 00 00 00 00
RBP=0x0000018a6d500b58 points into unknown readable memory: 0x00004a81564dacc8 | c8 ac 4d 56 81 4a 00 00
RSI=0x0000018a6d500b30 points into unknown readable memory: 0x007fb566d870e0c8 | c8 e0 70 d8 66 b5 7f 00
RDI=0x00004a81564dacc8 is an unknown value
R8 =0x0000000000010002 is an unknown value
R9 =0x00004a81564dacc8 is an unknown value
R10=0x0000000000008000 is an unknown value
R11=0x0000003bf21febd0 points into unknown readable memory: 0x0000018a6d500b30 | 30 0b 50 6d 8a 01 00 00
R12=0x00007fffe78e4234 glass.dll
R13=0x0000018a49c25ea0 points into unknown readable memory: 0x8000000900000001 | 01 00 00 00 09 00 00 80
R14=0x0000003bf21fed38 points into unknown readable memory: 0x0000003bf21fed20 | 20 ed 1f f2 3b 00 00 00
R15=0x0000018a6d500b30 points into unknown readable memory: 0x007fb566d870e0c8 | c8 e0 70 d8 66 b5 7f 00


Registers:
RAX=0x0000000000000000, RBX=0x0000018a6c7cf0a0, RCX=0x0000018a6c7c60c0, RDX=0x0000003bf21fec40
RSP=0x0000003bf21fec40, RBP=0x0000018a6d500b58, RSI=0x0000018a6d500b30, RDI=0x00004a81564dacc8
R8 =0x0000000000010002, R9 =0x00004a81564dacc8, R10=0x0000000000008000, R11=0x0000003bf21febd0
R12=0x00007fffe78e4234, R13=0x0000018a49c25ea0, R14=0x0000003bf21fed38, R15=0x0000018a6d500b30
RIP=0x00007fffe78e6997, EFLAGS=0x0000000000010202

Top of Stack: (sp=0x0000003bf21fec40)
0x0000003bf21fec40:   0000000000000000 0000018a6d500b30
0x0000003bf21fec50:   0000018a49c25ea0 00007fffe78e4234
0x0000003bf21fec60:   0000018a6d500b38 00007ff8111b42d6
0x0000003bf21fec70:   00004a81564dacc8 0000018a00000000
0x0000003bf21fec80:   0000018a6d500b58 0000018a6d500b30
0x0000003bf21fec90:   fffffffffffffffe 0000000000000000
0x0000003bf21feca0:   0000000000000001 00007fffe78c0000
0x0000003bf21fecb0:   0000003bf21fed28 00007ff8111b41fb
0x0000003bf21fecc0:   0000000000000000 0000003bf21fed38
0x0000003bf21fecd0:   0000003bf21ff000 00007ff811290e40
0x0000003bf21fece0:   0000000000000001 00007ff8111b41b4
0x0000003bf21fecf0:   0000000000000000 0000000000000001
0x0000003bf21fed00:   0000000000000000 0000003bf21fed28
0x0000003bf21fed10:   0000000000000001 00007fffe78e40c1
0x0000003bf21fed20:   00007fffe78fa128 00007fff00000002
0x0000003bf21fed30:   0000000000000002 0000003bf21fed20 

Instructions: (pc=0x00007fffe78e6997)
0x00007fffe78e6897:   8b 4d 58 e8 d1 ce ff ff 48 8b 4d 60 e8 c8 ce ff
0x00007fffe78e68a7:   ff 48 8b 95 80 00 00 00 48 8b 8d 18 01 00 00 e8
0x00007fffe78e68b7:   96 c3 ff ff 33 d2 33 c9 e8 12 e1 ff ff 90 48 89
0x00007fffe78e68c7:   54 24 10 55 48 83 ec 20 48 8b ea 48 b8 00 00 00
0x00007fffe78e68d7:   00 00 00 00 00 48 83 c4 20 5d c3 cc 40 55 48 8b
0x00007fffe78e68e7:   ea 48 8b 01 33 c9 81 38 05 00 00 c0 0f 94 c1 8b
0x00007fffe78e68f7:   c1 5d c3 cc 40 55 48 83 ec 20 48 8b ea 8a 4d 40
0x00007fffe78e6907:   48 83 c4 20 5d e9 c7 d2 ff ff cc 40 55 48 83 ec
0x00007fffe78e6917:   20 48 8b ea 8a 4d 20 e8 b5 d2 ff ff 90 48 83 c4
0x00007fffe78e6927:   20 5d c3 cc 40 55 48 83 ec 20 48 8b ea 48 83 c4
0x00007fffe78e6937:   20 5d e9 16 d1 ff ff cc 40 55 48 83 ec 30 48 8b
0x00007fffe78e6947:   ea 48 8b 01 8b 10 48 89 4c 24 28 89 54 24 20 4c
0x00007fffe78e6957:   8d 0d b7 d5 ff ff 4c 8b 45 70 8b 55 68 48 8b 4d
0x00007fffe78e6967:   60 e8 57 d0 ff ff 90 48 83 c4 30 5d c3 cc cc cc
0x00007fffe78e6977:   cc cc cc cc cc cc cc cc cc 40 53 48 83 ec 20 48
0x00007fffe78e6987:   8b 1d 93 31 01 00 48 85 db 74 16 e8 29 8b ff ff
0x00007fffe78e6997:   4c 8b 00 48 8b d3 48 8b c8 41 ff 90 b0 00 00 00
0x00007fffe78e69a7:   90 48 83 c4 20 5b c3 cc cc 40 53 48 83 ec 20 48
0x00007fffe78e69b7:   8b 1d 0b 33 01 00 48 85 db 74 57 b8 ff ff ff ff
0x00007fffe78e69c7:   f0 0f c1 43 10 83 f8 01 75 3d 48 85 db 74 38 48
0x00007fffe78e69d7:   8b 0b 48 85 c9 74 0d ff 15 c4 08 00 00 48 c7 03
0x00007fffe78e69e7:   00 00 00 00 48 8b 4b 08 48 85 c9 74 0d e8 77 cd
0x00007fffe78e69f7:   ff ff 48 c7 43 08 00 00 00 00 ba 18 00 00 00 48
0x00007fffe78e6a07:   8b cb e8 62 cd ff ff 48 c7 05 af 32 01 00 00 00
0x00007fffe78e6a17:   00 00 48 83 c4 20 5b c3 cc 40 53 48 83 ec 20 48
0x00007fffe78e6a27:   8b 1d 7b 32 01 00 48 85 db 74 57 b8 ff ff ff ff
0x00007fffe78e6a37:   f0 0f c1 43 10 83 f8 01 75 3d 48 85 db 74 38 48
0x00007fffe78e6a47:   8b 0b 48 85 c9 74 0d ff 15 54 08 00 00 48 c7 03
0x00007fffe78e6a57:   00 00 00 00 48 8b 4b 08 48 85 c9 74 0d e8 07 cd
0x00007fffe78e6a67:   ff ff 48 c7 43 08 00 00 00 00 ba 18 00 00 00 48
0x00007fffe78e6a77:   8b cb e8 f2 cc ff ff 48 c7 05 1f 32 01 00 00 00
0x00007fffe78e6a87:   00 00 48 83 c4 20 5b c3 cc 40 53 48 83 ec 20 48 


Stack slot to memory mapping:
stack at sp + 0 slots: 0x0 is NULL
stack at sp + 1 slots: 0x0000018a6d500b30 points into unknown readable memory: 0x007fb566d870e0c8 | c8 e0 70 d8 66 b5 7f 00
stack at sp + 2 slots: 0x0000018a49c25ea0 points into unknown readable memory: 0x8000000900000001 | 01 00 00 00 09 00 00 80
stack at sp + 3 slots: 0x00007fffe78e4234 glass.dll
stack at sp + 4 slots: 0x0000018a6d500b38 points into unknown readable memory: 0x00004a81564dacc8 | c8 ac 4d 56 81 4a 00 00
stack at sp + 5 slots: 0x00007ff8111b42d6 ucrtbase.dll
stack at sp + 6 slots: 0x00004a81564dacc8 is an unknown value
stack at sp + 7 slots: 0x0000018a00000000 is an unknown value

VM_Operation (0x0000003bf33fb3b0): Exit, mode: safepoint, requested by thread 0x0000018a6de09970


---------------  P R O C E S S  ---------------

Threads class SMR info:
_java_thread_list=0x0000018a74b94110, length=22, elements={
0x0000018a49bc20a0, 0x0000018a6c7ca3c0, 0x0000018a6c7cb190, 0x0000018a6c7d7a70,
0x0000018a6c7da490, 0x0000018a6c7dada0, 0x0000018a6c7dce60, 0x0000018a6c7dff10,
0x0000018a6c7e61d0, 0x0000018a6c80af60, 0x0000018a6d4e2e80, 0x0000018a6dd21ab0,
0x0000018a6dc34940, 0x0000018a6df92d90, 0x0000018a6de0b400, 0x0000018a6de09970,
0x0000018a6de0b950, 0x0000018a6de0bea0, 0x0000018a6de0c3f0, 0x0000018a6de09420,
0x0000018a6e3baaf0, 0x0000018a6e3bb590
}

Java Threads: ( => current thread )
  0x0000018a49bc20a0 JavaThread "main" [_thread_blocked, id=4288, stack(0x0000003bf1b00000,0x0000003bf1c00000)]
  0x0000018a6c7ca3c0 JavaThread "Reference Handler" daemon [_thread_blocked, id=6556, stack(0x0000003bf2200000,0x0000003bf2300000)]
  0x0000018a6c7cb190 JavaThread "Finalizer" daemon [_thread_blocked, id=15788, stack(0x0000003bf2300000,0x0000003bf2400000)]
  0x0000018a6c7d7a70 JavaThread "Signal Dispatcher" daemon [_thread_blocked, id=16152, stack(0x0000003bf2400000,0x0000003bf2500000)]
  0x0000018a6c7da490 JavaThread "Attach Listener" daemon [_thread_blocked, id=11204, stack(0x0000003bf2500000,0x0000003bf2600000)]
  0x0000018a6c7dada0 JavaThread "Service Thread" daemon [_thread_blocked, id=13304, stack(0x0000003bf2600000,0x0000003bf2700000)]
  0x0000018a6c7dce60 JavaThread "Monitor Deflation Thread" daemon [_thread_blocked, id=11408, stack(0x0000003bf2700000,0x0000003bf2800000)]
  0x0000018a6c7dff10 JavaThread "C2 CompilerThread0" daemon [_thread_blocked, id=14652, stack(0x0000003bf2800000,0x0000003bf2900000)]
  0x0000018a6c7e61d0 JavaThread "C1 CompilerThread0" daemon [_thread_blocked, id=3296, stack(0x0000003bf2900000,0x0000003bf2a00000)]
  0x0000018a6c80af60 JavaThread "Sweeper thread" daemon [_thread_blocked, id=8708, stack(0x0000003bf2a00000,0x0000003bf2b00000)]
  0x0000018a6d4e2e80 JavaThread "Common-Cleaner" daemon [_thread_blocked, id=4648, stack(0x0000003bf2b00000,0x0000003bf2c00000)]
  0x0000018a6dd21ab0 JavaThread "Monitor Ctrl-Break" daemon [_thread_in_native, id=12864, stack(0x0000003bf2e00000,0x0000003bf2f00000)]
  0x0000018a6dc34940 JavaThread "Notification Thread" daemon [_thread_blocked, id=16592, stack(0x0000003bf2f00000,0x0000003bf3000000)]
  0x0000018a6df92d90 JavaThread "QuantumRenderer-0" daemon [_thread_blocked, id=10060, stack(0x0000003bf3100000,0x0000003bf3200000)]
  0x0000018a6de0b400 JavaThread "InvokeLaterDispatcher" daemon [_thread_blocked, id=15280, stack(0x0000003bf3200000,0x0000003bf3300000)]
  0x0000018a6de09970 JavaThread "JavaFX Application Thread" [_thread_blocked, id=3628, stack(0x0000003bf3300000,0x0000003bf3400000)]
  0x0000018a6de0b950 JavaThread "JavaFX-Launcher" [_thread_blocked, id=10972, stack(0x0000003bf3800000,0x0000003bf3900000)]
  0x0000018a6de0bea0 JavaThread "Thread-2" daemon [_thread_in_native, id=3212, stack(0x0000003bf3700000,0x0000003bf3800000)]
  0x0000018a6de0c3f0 JavaThread "Prism Font Disposer" daemon [_thread_blocked, id=8196, stack(0x0000003bf4100000,0x0000003bf4200000)]
  0x0000018a6de09420 JavaThread "Cleaner-0" daemon [_thread_blocked, id=19024, stack(0x0000003bf4300000,0x0000003bf4400000)]
  0x0000018a6e3baaf0 JavaThread "mysql-cj-abandoned-connection-cleanup" daemon [_thread_blocked, id=12504, stack(0x0000003bf2c00000,0x0000003bf2d00000)]
  0x0000018a6e3bb590 JavaThread "Timer-0" [_thread_blocked, id=5016, stack(0x0000003bf4700000,0x0000003bf4800000)]

Other Threads:
=>0x0000018a6c7c60c0 VMThread "VM Thread" [stack: 0x0000003bf2100000,0x0000003bf2200000] [id=18328]
  0x0000018a49c0bf70 GCTaskThread "GC Thread#0" [stack: 0x0000003bf1c00000,0x0000003bf1d00000] [id=13980]
  0x0000018a6dffda30 GCTaskThread "GC Thread#1" [stack: 0x0000003bf3900000,0x0000003bf3a00000] [id=12780]
  0x0000018a6e24cca0 GCTaskThread "GC Thread#2" [stack: 0x0000003bf3a00000,0x0000003bf3b00000] [id=19328]
  0x0000018a6e1fb690 GCTaskThread "GC Thread#3" [stack: 0x0000003bf3b00000,0x0000003bf3c00000] [id=15696]
  0x0000018a6e221110 GCTaskThread "GC Thread#4" [stack: 0x0000003bf3c00000,0x0000003bf3d00000] [id=5864]
  0x0000018a6e239290 GCTaskThread "GC Thread#5" [stack: 0x0000003bf3d00000,0x0000003bf3e00000] [id=9608]
  0x0000018a74b901f0 GCTaskThread "GC Thread#6" [stack: 0x0000003bf4400000,0x0000003bf4500000] [id=18032]
  0x0000018a74e7d590 GCTaskThread "GC Thread#7" [stack: 0x0000003bf4500000,0x0000003bf4600000] [id=7796]
  0x0000018a49c1f1f0 ConcurrentGCThread "G1 Main Marker" terminated
  0x0000018a49c1fbf0 ConcurrentGCThread "G1 Conc#0" [stack: 0x0000003bf1e00000,0x0000003bf1f00000] [id=12384]
  0x0000018a749784f0 ConcurrentGCThread "G1 Conc#1" [stack: 0x0000003bf4600000,0x0000003bf4700000] [id=12260]
  0x0000018a49c95290 ConcurrentGCThread "G1 Refine#0" terminated
  0x0000018a6c6824c0 ConcurrentGCThread "G1 Service" terminated

Threads with active compile tasks:

VM state: at safepoint (shutting down)

VM Mutex/Monitor currently owned by a thread:  ([mutex/lock_event])
[0x0000018a49bbdb60] Threads_lock - owner thread: 0x0000018a6c7c60c0
[0x0000018a49bbeb20] Heap_lock - owner thread: 0x0000018a6de09970

Heap address: 0x0000000701e00000, size: 4066 MB, Compressed Oops mode: Zero based, Oop shift amount: 3

CDS archive(s) mapped at: [0x0000000800000000-0x0000000800bb0000-0x0000000800bb0000), size 12255232, SharedBaseAddress: 0x0000000800000000, ArchiveRelocationMode: 0.
Compressed class space mapped at: 0x0000000800c00000-0x0000000840c00000, reserved size: 1073741824
Narrow klass base: 0x0000000800000000, Narrow klass shift: 3, Narrow klass range: 0x100000000

GC Precious Log:
 CPUs: 8 total, 8 available
 Memory: 16260M
 Large Page Support: Disabled
 NUMA Support: Disabled
 Compressed Oops: Enabled (Zero based)
 Heap Region Size: 2M
 Heap Min Capacity: 8M
 Heap Initial Capacity: 256M
 Heap Max Capacity: 4066M
 Pre-touch: Disabled
 Parallel Workers: 8
 Concurrent Workers: 2
 Concurrent Refinement Workers: 8
 Periodic GC: Disabled

Heap:
 garbage-first heap   total 61440K, used 36678K [0x0000000701e00000, 0x0000000800000000)
  region size 2048K, 13 young (26624K), 3 survivors (6144K)
 Metaspace       used 24349K, committed 24576K, reserved 1073152K
  class space    used 3170K, committed 3264K, reserved 1048576K

Heap Regions: E=young(eden), S=young(survivor), O=old, HS=humongous(starts), HC=humongous(continues), CS=collection set, F=free, OA=open archive, CA=closed archive, TAMS=top-at-mark-start (previous, next)
|   0|0x0000000701e00000, 0x0000000701e87a00, 0x0000000702000000| 26%| O|  |TAMS 0x0000000701e87a00, 0x0000000701e00000| Untracked 
|   1|0x0000000702000000, 0x0000000702200000, 0x0000000702200000|100%|HS|  |TAMS 0x0000000702200000, 0x0000000702000000| Complete 
|   2|0x0000000702200000, 0x0000000702400000, 0x0000000702400000|100%| O|  |TAMS 0x0000000702200000, 0x0000000702200000| Untracked 
|   3|0x0000000702400000, 0x0000000702600000, 0x0000000702600000|100%| O|  |TAMS 0x0000000702400000, 0x0000000702400000| Untracked 
|   4|0x0000000702600000, 0x0000000702800000, 0x0000000702800000|100%| O|  |TAMS 0x0000000702600000, 0x0000000702600000| Untracked 
|   5|0x0000000702800000, 0x0000000702a00000, 0x0000000702a00000|100%| O|  |TAMS 0x0000000702800000, 0x0000000702800000| Untracked 
|   6|0x0000000702a00000, 0x0000000702c00000, 0x0000000702c00000|100%| O|  |TAMS 0x0000000702a00000, 0x0000000702a00000| Untracked 
|   7|0x0000000702c00000, 0x0000000702d4a000, 0x0000000702e00000| 64%| O|  |TAMS 0x0000000702c00000, 0x0000000702c00000| Untracked 
|   8|0x0000000702e00000, 0x0000000702e00000, 0x0000000703000000|  0%| F|  |TAMS 0x0000000702e00000, 0x0000000702e00000| Untracked 
|   9|0x0000000703000000, 0x0000000703200000, 0x0000000703200000|100%| S|CS|TAMS 0x0000000703000000, 0x0000000703000000| Complete 
|  10|0x0000000703200000, 0x0000000703400000, 0x0000000703400000|100%| S|CS|TAMS 0x0000000703200000, 0x0000000703200000| Complete 
|  11|0x0000000703400000, 0x0000000703600000, 0x0000000703600000|100%| S|CS|TAMS 0x0000000703400000, 0x0000000703400000| Complete 
|  12|0x0000000703600000, 0x0000000703600000, 0x0000000703800000|  0%| F|  |TAMS 0x0000000703600000, 0x0000000703600000| Untracked 
|  13|0x0000000703800000, 0x0000000703800000, 0x0000000703a00000|  0%| F|  |TAMS 0x0000000703800000, 0x0000000703800000| Untracked 
|  14|0x0000000703a00000, 0x0000000703a00000, 0x0000000703c00000|  0%| F|  |TAMS 0x0000000703a00000, 0x0000000703a00000| Untracked 
|  15|0x0000000703c00000, 0x0000000703c00000, 0x0000000703e00000|  0%| F|  |TAMS 0x0000000703c00000, 0x0000000703c00000| Untracked 
|  16|0x0000000703e00000, 0x0000000703e00000, 0x0000000704000000|  0%| F|  |TAMS 0x0000000703e00000, 0x0000000703e00000| Untracked 
|  17|0x0000000704000000, 0x0000000704000000, 0x0000000704200000|  0%| F|  |TAMS 0x0000000704000000, 0x0000000704000000| Untracked 
|  18|0x0000000704200000, 0x0000000704200000, 0x0000000704400000|  0%| F|  |TAMS 0x0000000704200000, 0x0000000704200000| Untracked 
|  19|0x0000000704400000, 0x0000000704400000, 0x0000000704600000|  0%| F|  |TAMS 0x0000000704400000, 0x0000000704400000| Untracked 
|  20|0x0000000704600000, 0x00000007046c9f40, 0x0000000704800000| 39%| E|  |TAMS 0x0000000704600000, 0x0000000704600000| Complete 
|  21|0x0000000704800000, 0x0000000704a00000, 0x0000000704a00000|100%| E|CS|TAMS 0x0000000704800000, 0x0000000704800000| Complete 
|  22|0x0000000704a00000, 0x0000000704c00000, 0x0000000704c00000|100%| E|CS|TAMS 0x0000000704a00000, 0x0000000704a00000| Complete 
| 104|0x000000070ee00000, 0x000000070f000000, 0x000000070f000000|100%| E|CS|TAMS 0x000000070ee00000, 0x000000070ee00000| Complete 
| 108|0x000000070f600000, 0x000000070f800000, 0x000000070f800000|100%| E|CS|TAMS 0x000000070f600000, 0x000000070f600000| Complete 
| 109|0x000000070f800000, 0x000000070fa00000, 0x000000070fa00000|100%| E|CS|TAMS 0x000000070f800000, 0x000000070f800000| Complete 
| 110|0x000000070fa00000, 0x000000070fc00000, 0x000000070fc00000|100%| E|CS|TAMS 0x000000070fa00000, 0x000000070fa00000| Complete 
| 111|0x000000070fc00000, 0x000000070fe00000, 0x000000070fe00000|100%| E|CS|TAMS 0x000000070fc00000, 0x000000070fc00000| Complete 
| 112|0x000000070fe00000, 0x0000000710000000, 0x0000000710000000|100%| E|CS|TAMS 0x000000070fe00000, 0x000000070fe00000| Complete 
| 127|0x0000000711c00000, 0x0000000711e00000, 0x0000000711e00000|100%| E|  |TAMS 0x0000000711c00000, 0x0000000711c00000| Complete 

Card table byte_map: [0x0000018a60e70000,0x0000018a61670000] _byte_map_base: 0x0000018a5d661000

Marking Bits (Prev, Next): (CMBitMap*) 0x0000018a49c0e9d0, (CMBitMap*) 0x0000018a49c0e990
 Prev Bits: [0x0000018a65e00000, 0x0000018a69d88000)
 Next Bits: [0x0000018a61e70000, 0x0000018a65df8000)

Polling page: 0x0000018a47bc0000

Metaspace:

Usage:
  Non-class:     20.68 MB used.
      Class:      3.10 MB used.
       Both:     23.78 MB used.

Virtual space:
  Non-class space:       24.00 MB reserved,      20.81 MB ( 87%) committed,  3 nodes.
      Class space:        1.00 GB reserved,       3.19 MB ( <1%) committed,  1 nodes.
              Both:        1.02 GB reserved,      24.00 MB (  2%) committed. 

Chunk freelists:
   Non-Class:  2.97 MB
       Class:  835.00 KB
        Both:  3.78 MB

MaxMetaspaceSize: 17179869184.00 GB
CompressedClassSpaceSize: 1.00 GB
 - commit_granule_bytes: 65536.
 - commit_granule_words: 8192.
 - virtual_space_node_default_size: 1048576.
 - enlarge_chunks_in_place: 1.
 - new_chunks_are_fully_committed: 0.
 - uncommit_free_chunks: 1.
 - use_allocation_guard: 0.
 - handle_deallocations: 1.


Internal statistics:

num_allocs_failed_limit: 3.
num_arena_births: 308.
num_arena_deaths: 0.
num_vsnodes_births: 4.
num_vsnodes_deaths: 0.
num_space_committed: 384.
num_space_uncommitted: 0.
num_chunks_returned_to_freelist: 3.
num_chunks_taken_from_freelist: 1168.
num_chunk_merges: 3.
num_chunk_splits: 786.
num_chunks_enlarged: 573.
num_purges: 0.

CodeHeap 'non-profiled nmethods': size=120000Kb used=2964Kb max_used=2964Kb free=117035Kb
 bounds [0x0000018a58e10000, 0x0000018a59100000, 0x0000018a60340000]
CodeHeap 'profiled nmethods': size=120000Kb used=12661Kb max_used=12661Kb free=107338Kb
 bounds [0x0000018a518e0000, 0x0000018a52540000, 0x0000018a58e10000]
CodeHeap 'non-nmethods': size=5760Kb used=1496Kb max_used=1580Kb free=4263Kb
 bounds [0x0000018a51340000, 0x0000018a515b0000, 0x0000018a518e0000]
 total_blobs=6724 nmethods=5855 adapters=778
 compilation: enabled
              stopped_count=0, restarted_count=0
 full_count=0

Compilation events (20 events):
Event: 90.823 Thread 0x0000018a6c7dff10 5850       4       javafx.scene.layout.Region::snapSizeX (10 bytes)
Event: 90.823 Thread 0x0000018a6c7e61d0 5848       3       javafx.scene.layout.HBox::shouldFillHeight (26 bytes)
Event: 90.824 Thread 0x0000018a6c7e61d0 nmethod 5848 0x0000018a5253a110 code [0x0000018a5253a320, 0x0000018a5253ab18]
Event: 90.824 Thread 0x0000018a6c7e61d0 5849       3       javafx.scene.layout.HBox::isFillHeight (19 bytes)
Event: 90.824 Thread 0x0000018a6c7e61d0 nmethod 5849 0x0000018a5253ad10 code [0x0000018a5253aec0, 0x0000018a5253b248]
Event: 90.826 Thread 0x0000018a6c7dff10 nmethod 5850 0x0000018a590f3690 code [0x0000018a590f3860, 0x0000018a590f3af8]
Event: 90.827 Thread 0x0000018a6c7e61d0 5851       3       com.sun.prism.impl.ps.PaintHelper::setMultiGradient (177 bytes)
Event: 90.827 Thread 0x0000018a6c7dff10 5852       4       com.sun.javafx.geom.transform.AffineBase::doTransform (657 bytes)
Event: 90.828 Thread 0x0000018a6c7e61d0 nmethod 5851 0x0000018a5253b390 code [0x0000018a5253b660, 0x0000018a5253c418]
Event: 90.828 Thread 0x0000018a6c7e61d0 5854       3       com.sun.marlin.MaskMarlinAlphaConsumer::setMaxAlpha (19 bytes)
Event: 90.828 Thread 0x0000018a6c7e61d0 nmethod 5854 0x0000018a5253c890 code [0x0000018a5253ca40, 0x0000018a5253cbf8]
Event: 90.836 Thread 0x0000018a6c7dff10 nmethod 5852 0x0000018a590f3e10 code [0x0000018a590f3fa0, 0x0000018a590f4858]
Event: 90.836 Thread 0x0000018a6c7dff10 5853       4       com.sun.javafx.geom.transform.AffineBase::transform (19 bytes)
Event: 90.836 Thread 0x0000018a6c7dff10 nmethod 5853 0x0000018a590f4b90 code [0x0000018a590f4d20, 0x0000018a590f4dc8]
Event: 90.924 Thread 0x0000018a6c7e61d0 5855       3       javafx.scene.Scene::getFocusOwner (11 bytes)
Event: 90.924 Thread 0x0000018a6c7e61d0 nmethod 5855 0x0000018a5253cc90 code [0x0000018a5253ce60, 0x0000018a5253d288]
Event: 90.924 Thread 0x0000018a6c7e61d0 5856       1       com.sun.scenario.animation.shared.MultiLoopClipEnvelope::setAutoReverse (6 bytes)
Event: 90.924 Thread 0x0000018a6c7e61d0 nmethod 5856 0x0000018a590f4e90 code [0x0000018a590f5020, 0x0000018a590f50f8]
Event: 90.927 Thread 0x0000018a6c7e61d0 5857       3       java.lang.ref.Reference::clear (5 bytes)
Event: 90.927 Thread 0x0000018a6c7e61d0 nmethod 5857 0x0000018a5253d390 code [0x0000018a5253d540, 0x0000018a5253d688]

GC Heap History (8 events):
Event: 0.407 GC heap before
{Heap before GC invocations=0 (full 0):
 garbage-first heap   total 262144K, used 20480K [0x0000000701e00000, 0x0000000800000000)
  region size 2048K, 11 young (22528K), 0 survivors (0K)
 Metaspace       used 5100K, committed 5312K, reserved 1056768K
  class space    used 583K, committed 704K, reserved 1048576K
}
Event: 0.410 GC heap after
{Heap after GC invocations=1 (full 0):
 garbage-first heap   total 262144K, used 2774K [0x0000000701e00000, 0x0000000800000000)
  region size 2048K, 2 young (4096K), 2 survivors (4096K)
 Metaspace       used 5100K, committed 5312K, reserved 1056768K
  class space    used 583K, committed 704K, reserved 1048576K
}
Event: 0.902 GC heap before
{Heap before GC invocations=1 (full 0):
 garbage-first heap   total 262144K, used 39638K [0x0000000701e00000, 0x0000000800000000)
  region size 2048K, 20 young (40960K), 2 survivors (4096K)
 Metaspace       used 14624K, committed 14784K, reserved 1064960K
  class space    used 2159K, committed 2240K, reserved 1048576K
}
Event: 0.906 GC heap after
{Heap after GC invocations=2 (full 0):
 garbage-first heap   total 262144K, used 6686K [0x0000000701e00000, 0x0000000800000000)
  region size 2048K, 3 young (6144K), 3 survivors (6144K)
 Metaspace       used 14624K, committed 14784K, reserved 1064960K
  class space    used 2159K, committed 2240K, reserved 1048576K
}
Event: 8.237 GC heap before
{Heap before GC invocations=2 (full 0):
 garbage-first heap   total 262144K, used 37406K [0x0000000701e00000, 0x0000000800000000)
  region size 2048K, 18 young (36864K), 3 survivors (6144K)
 Metaspace       used 21059K, committed 21248K, reserved 1073152K
  class space    used 2798K, committed 2880K, reserved 1048576K
}
Event: 8.243 GC heap after
{Heap after GC invocations=3 (full 0):
 garbage-first heap   total 262144K, used 14466K [0x0000000701e00000, 0x0000000800000000)
  region size 2048K, 6 young (12288K), 6 survivors (12288K)
 Metaspace       used 21059K, committed 21248K, reserved 1073152K
  class space    used 2798K, committed 2880K, reserved 1048576K
}
Event: 9.754 GC heap before
{Heap before GC invocations=4 (full 0):
 garbage-first heap   total 61440K, used 39042K [0x0000000701e00000, 0x0000000800000000)
  region size 2048K, 18 young (36864K), 6 survivors (12288K)
 Metaspace       used 22891K, committed 23104K, reserved 1073152K
  class space    used 2985K, committed 3072K, reserved 1048576K
}
Event: 9.763 GC heap after
{Heap after GC invocations=5 (full 0):
 garbage-first heap   total 61440K, used 20294K [0x0000000701e00000, 0x0000000800000000)
  region size 2048K, 3 young (6144K), 3 survivors (6144K)
 Metaspace       used 22891K, committed 23104K, reserved 1073152K
  class space    used 2985K, committed 3072K, reserved 1048576K
}

Deoptimization events (20 events):
Event: 10.919 Thread 0x0000018a6df92d90 Uncommon trap: trap_request=0xffffff45 fr.pc=0x0000018a58f6ee30 relative=0x0000000000000090
Event: 10.919 Thread 0x0000018a6df92d90 Uncommon trap: reason=unstable_if action=reinterpret pc=0x0000018a58f6ee30 method=java.lang.Math.round(F)I @ 36 c2
Event: 10.919 Thread 0x0000018a6df92d90 DEOPT PACKING pc=0x0000018a58f6ee30 sp=0x0000003bf31fcc40
Event: 10.919 Thread 0x0000018a6df92d90 DEOPT UNPACKING pc=0x0000018a5138d72e sp=0x0000003bf31fcbb8 mode 2
Event: 12.305 Thread 0x0000018a6de09970 Uncommon trap: trap_request=0xffffff45 fr.pc=0x0000018a58f9a5b8 relative=0x0000000000000038
Event: 12.305 Thread 0x0000018a6de09970 Uncommon trap: reason=unstable_if action=reinterpret pc=0x0000018a58f9a5b8 method=java.lang.Character.isHighSurrogate(C)Z @ 3 c2
Event: 12.305 Thread 0x0000018a6de09970 DEOPT PACKING pc=0x0000018a58f9a5b8 sp=0x0000003bf33fb370
Event: 12.305 Thread 0x0000018a6de09970 DEOPT UNPACKING pc=0x0000018a5138d72e sp=0x0000003bf33fb308 mode 2
Event: 16.636 Thread 0x0000018a6de09970 Uncommon trap: trap_request=0xffffffcc fr.pc=0x0000018a590ccc08 relative=0x00000000000002e8
Event: 16.636 Thread 0x0000018a6de09970 Uncommon trap: reason=intrinsic_or_type_checked_inlining action=make_not_entrant pc=0x0000018a590ccc08 method=java.util.Arrays.copyOf([Ljava/lang/Object;ILjava/lang/Class;)[Ljava/lang/Object; @ 35 c2
Event: 16.636 Thread 0x0000018a6de09970 DEOPT PACKING pc=0x0000018a590ccc08 sp=0x0000003bf33fc1b0
Event: 16.636 Thread 0x0000018a6de09970 DEOPT UNPACKING pc=0x0000018a5138d72e sp=0x0000003bf33fc140 mode 2
Event: 16.937 Thread 0x0000018a6df92d90 DEOPT PACKING pc=0x0000018a51ee53a6 sp=0x0000003bf31fe390
Event: 16.937 Thread 0x0000018a6df92d90 DEOPT UNPACKING pc=0x0000018a5138dece sp=0x0000003bf31fd890 mode 0
Event: 17.932 Thread 0x0000018a6df92d90 DEOPT PACKING pc=0x0000018a524437d2 sp=0x0000003bf31fd930
Event: 17.932 Thread 0x0000018a6df92d90 DEOPT UNPACKING pc=0x0000018a5138dece sp=0x0000003bf31fcd68 mode 0
Event: 23.093 Thread 0x0000018a6de09970 Uncommon trap: trap_request=0xffffff45 fr.pc=0x0000018a5909fdc8 relative=0x0000000000002c88
Event: 23.093 Thread 0x0000018a6de09970 Uncommon trap: reason=unstable_if action=reinterpret pc=0x0000018a5909fdc8 method=javafx.css.SimpleSelector.stateMatches(Ljavafx/css/Styleable;Ljava/util/Set;)Z @ 1 c2
Event: 23.093 Thread 0x0000018a6de09970 DEOPT PACKING pc=0x0000018a5909fdc8 sp=0x0000003bf33fb3c0
Event: 23.093 Thread 0x0000018a6de09970 DEOPT UNPACKING pc=0x0000018a5138d72e sp=0x0000003bf33fb2e8 mode 2

Classes unloaded (0 events):
No events

Classes redefined (0 events):
No events

Internal exceptions (20 events):
Event: 6.625 Thread 0x0000018a6de09970 Exception <a 'java/lang/NoSuchMethodError'{0x0000000710813180}: 'java.lang.Object java.lang.invoke.DirectMethodHandle$Holder.invokeStatic(java.lang.Object, int, java.lang.Object)'> (0x0000000710813180) 
thrown [t:\workspace\open\src\hotspot\share\interpreter\linkResolver.cpp, line 790]
Event: 6.651 Thread 0x0000018a6de09970 Exception <a 'java/io/FileNotFoundException'{0x00000007109fc8f0}> (0x00000007109fc8f0) 
thrown [t:\workspace\open\src\hotspot\share\prims\jni.cpp, line 579]
Event: 8.227 Thread 0x0000018a6de09970 Exception <a 'java/io/FileNotFoundException'{0x000000071034f408}> (0x000000071034f408) 
thrown [t:\workspace\open\src\hotspot\share\prims\jni.cpp, line 579]
Event: 9.332 Thread 0x0000018a6de09970 Exception <a 'java/lang/NoSuchMethodError'{0x000000070387e218}: 'int java.lang.invoke.DirectMethodHandle$Holder.invokeVirtual(java.lang.Object, java.lang.Object)'> (0x000000070387e218) 
thrown [t:\workspace\open\src\hotspot\share\interpreter\linkResolver.cpp, line 790]
Event: 9.332 Thread 0x0000018a6de09970 Exception <a 'java/lang/NoSuchMethodError'{0x0000000703884f18}: 'void java.lang.invoke.DirectMethodHandle$Holder.invokeVirtual(java.lang.Object, java.lang.Object, int)'> (0x0000000703884f18) 
thrown [t:\workspace\open\src\hotspot\share\interpreter\linkResolver.cpp, line 790]
Event: 10.370 Thread 0x0000018a6de09970 Exception <a 'java/lang/ClassNotFoundException'{0x000000070fb02438}: com/sun/javafx/scene/control/skin/resources/controls-nt> (0x000000070fb02438) 
thrown [t:\workspace\open\src\hotspot\share\prims\jni.cpp, line 600]
Event: 10.370 Thread 0x0000018a6de09970 Exception <a 'java/lang/ClassNotFoundException'{0x000000070fb0a810}: com/sun/javafx/scene/control/skin/resources/controls-nt_en> (0x000000070fb0a810) 
thrown [t:\workspace\open\src\hotspot\share\prims\jni.cpp, line 600]
Event: 10.370 Thread 0x0000018a6de09970 Exception <a 'java/lang/ClassNotFoundException'{0x000000070fb0bb00}: com/sun/javafx/scene/control/skin/resources/controls-nt_en_US> (0x000000070fb0bb00) 
thrown [t:\workspace\open\src\hotspot\share\prims\jni.cpp, line 600]
Event: 10.376 Thread 0x0000018a6de09970 Implicit null exception at 0x0000018a5903ccac to 0x0000018a59044a18
Event: 10.387 Thread 0x0000018a6de09970 Exception <a 'java/lang/NoSuchMethodError'{0x000000070f85a3d0}: 'void java.lang.invoke.DirectMethodHandle$Holder.invokeSpecialIFC(java.lang.Object, java.lang.Object, java.lang.Object, java.lang.Object)'> (0x000000070f85a3d0) 
thrown [t:\workspace\open\src\hotspot\share\interpreter\linkResolver.cpp, line 790]
Event: 10.407 Thread 0x0000018a6de09970 Exception <a 'java/lang/NoSuchMethodError'{0x000000070f6abed0}: 'int java.lang.invoke.DirectMethodHandle$Holder.invokeSpecial(java.lang.Object, java.lang.Object, int)'> (0x000000070f6abed0) 
thrown [t:\workspace\open\src\hotspot\share\interpreter\linkResolver.cpp, line 790]
Event: 10.430 Thread 0x0000018a6de09970 Exception <a 'java/lang/NoSuchMethodError'{0x000000070ef94560}: 'java.lang.Object java.lang.invoke.DirectMethodHandle$Holder.invokeSpecial(java.lang.Object, java.lang.Object, java.lang.Object, java.lang.Object, double)'> (0x000000070ef94560) 
thrown [t:\workspace\open\src\hotspot\share\interpreter\linkResolver.cpp, line 790]
Event: 10.430 Thread 0x0000018a6de09970 Exception <a 'java/lang/NoSuchMethodError'{0x000000070ef985d0}: 'java.lang.Object java.lang.invoke.Invokers$Holder.linkToTargetMethod(java.lang.Object, java.lang.Object, double, java.lang.Object)'> (0x000000070ef985d0) 
thrown [t:\workspace\open\src\hotspot\share\interpreter\linkResolver.cpp, line 790]
Event: 10.444 Thread 0x0000018a6de09970 Implicit null exception at 0x0000018a5901f2d1 to 0x0000018a590224b8
Event: 10.444 Thread 0x0000018a6de09970 Implicit null exception at 0x0000018a59052bb6 to 0x0000018a590538b4
Event: 10.447 Thread 0x0000018a6de09970 Implicit null exception at 0x0000018a58fbb820 to 0x0000018a58fbb874
Event: 12.257 Thread 0x0000018a6de09970 Exception <a 'java/lang/NoSuchMethodError'{0x0000000704acd9f8}: 'java.lang.Object java.lang.invoke.DirectMethodHandle$Holder.newInvokeSpecial(java.lang.Object, java.lang.Object, int, int, int, int, int, java.lang.Object)'> (0x0000000704acd9f8) 
thrown [t:\workspace\open\src\hotspot\share\interpreter\linkResolver.cpp, line 790]
Event: 12.258 Thread 0x0000018a6de09970 Exception <a 'java/lang/NoSuchMethodError'{0x0000000704b17a78}: 'java.lang.Object java.lang.invoke.DirectMethodHandle$Holder.newInvokeSpecial(java.lang.Object, java.lang.Object, java.lang.Object, int, int, int, int, int)'> (0x0000000704b17a78) 
thrown [t:\workspace\open\src\hotspot\share\interpreter\linkResolver.cpp, line 790]
Event: 12.258 Thread 0x0000018a6de09970 Exception <a 'java/lang/NoSuchMethodError'{0x0000000704b1fb38}: 'java.lang.Object java.lang.invoke.Invokers$Holder.linkToTargetMethod(java.lang.Object, java.lang.Object, int, int, int, int, int, java.lang.Object)'> (0x0000000704b1fb38) 
thrown [t:\workspace\open\src\hotspot\share\interpreter\linkResolver.cpp, line 790]
Event: 23.093 Thread 0x0000018a6de09970 Implicit null exception at 0x0000018a5909d1d6 to 0x0000018a5909fd94

Events (20 events):
Event: 21.887 Executing  VM operation: Cleanup done
Event: 22.888 Executing  VM operation: Cleanup
Event: 22.888 Executing  VM operation: Cleanup done
Event: 23.888 Executing  VM operation: Cleanup
Event: 23.888 Executing  VM operation: Cleanup done
Event: 24.889 Executing  VM operation: Cleanup
Event: 24.889 Executing  VM operation: Cleanup done
Event: 26.889 Executing  VM operation: Cleanup
Event: 26.889 Executing  VM operation: Cleanup done
Event: 42.896 Executing  VM operation: Cleanup
Event: 42.896 Executing  VM operation: Cleanup done
Event: 86.916 Executing  VM operation: Cleanup
Event: 86.917 Executing  VM operation: Cleanup done
Event: 90.919 Executing  VM operation: Cleanup
Event: 90.919 Executing  VM operation: Cleanup done
Event: 90.928 Thread 0x0000018a6e3c0540 Thread added: 0x0000018a6e3c0540
Event: 90.928 Thread 0x0000018a6e3ba5a0 Thread added: 0x0000018a6e3ba5a0
Event: 90.929 Thread 0x0000018a6e3ba5a0 Thread exited: 0x0000018a6e3ba5a0
Event: 90.929 Thread 0x0000018a6e3c0540 Thread exited: 0x0000018a6e3c0540
Event: 90.929 Executing  VM operation: Exit


Dynamic libraries:
0x00007ff60c6d0000 - 0x00007ff60c6e0000 	C:\Program Files\Java\jdk-16.0.2\bin\java.exe
0x00007ff8136b0000 - 0x00007ff8138a5000 	C:\WINDOWS\SYSTEM32\ntdll.dll
0x00007ff8117b0000 - 0x00007ff81186e000 	C:\WINDOWS\System32\KERNEL32.DLL
0x00007ff810dd0000 - 0x00007ff811099000 	C:\WINDOWS\System32\KERNELBASE.dll
0x00007ff8111a0000 - 0x00007ff8112a0000 	C:\WINDOWS\System32\ucrtbase.dll
0x00007ff8090d0000 - 0x00007ff8090e9000 	C:\Program Files\Java\jdk-16.0.2\bin\VCRUNTIME140.dll
0x00007ff80a270000 - 0x00007ff80a288000 	C:\Program Files\Java\jdk-16.0.2\bin\jli.dll
0x00007ff812870000 - 0x00007ff81291c000 	C:\WINDOWS\System32\ADVAPI32.dll
0x00007ff8127d0000 - 0x00007ff81286e000 	C:\WINDOWS\System32\msvcrt.dll
0x00007ff813020000 - 0x00007ff8130bb000 	C:\WINDOWS\System32\sechost.dll
0x00007ff8126a0000 - 0x00007ff8127ca000 	C:\WINDOWS\System32\RPCRT4.dll
0x00007ff812ba0000 - 0x00007ff812d41000 	C:\WINDOWS\System32\USER32.dll
0x00007ff8112d0000 - 0x00007ff8112f2000 	C:\WINDOWS\System32\win32u.dll
0x00007ff812eb0000 - 0x00007ff812edb000 	C:\WINDOWS\System32\GDI32.dll
0x00007ff811300000 - 0x00007ff81140b000 	C:\WINDOWS\System32\gdi32full.dll
0x00007ff801d50000 - 0x00007ff801fea000 	C:\WINDOWS\WinSxS\amd64_microsoft.windows.common-controls_6595b64144ccf1df_6.0.19041.1110_none_60b5254171f9507e\COMCTL32.dll
0x00007ff8110a0000 - 0x00007ff81113d000 	C:\WINDOWS\System32\msvcp_win.dll
0x00007ff808640000 - 0x00007ff80864a000 	C:\WINDOWS\SYSTEM32\VERSION.dll
0x00007ff812e80000 - 0x00007ff812eb0000 	C:\WINDOWS\System32\IMM32.DLL
0x00007ff809820000 - 0x00007ff80982c000 	C:\Program Files\Java\jdk-16.0.2\bin\vcruntime140_1.dll
0x00007fffe7af0000 - 0x00007fffe7b81000 	C:\Program Files\Java\jdk-16.0.2\bin\msvcp140.dll
0x00007fffbc500000 - 0x00007fffbd0ab000 	C:\Program Files\Java\jdk-16.0.2\bin\server\jvm.dll
0x00007ff812b90000 - 0x00007ff812b98000 	C:\WINDOWS\System32\PSAPI.DLL
0x00007ffff96c0000 - 0x00007ffff96c9000 	C:\WINDOWS\SYSTEM32\WSOCK32.dll
0x00007ffffe880000 - 0x00007ffffe8a7000 	C:\WINDOWS\SYSTEM32\WINMM.dll
0x00007ff812ee0000 - 0x00007ff812f4b000 	C:\WINDOWS\System32\WS2_32.dll
0x00007ff80ecf0000 - 0x00007ff80ed02000 	C:\WINDOWS\SYSTEM32\kernel.appcore.dll
0x00007ff8090c0000 - 0x00007ff8090ca000 	C:\Program Files\Java\jdk-16.0.2\bin\jimage.dll
0x00007fffff7f0000 - 0x00007fffff9d4000 	C:\WINDOWS\SYSTEM32\DBGHELP.DLL
0x00007ffffedf0000 - 0x00007ffffee1c000 	C:\WINDOWS\SYSTEM32\dbgcore.DLL
0x00007ff8115c0000 - 0x00007ff811643000 	C:\WINDOWS\System32\bcryptPrimitives.dll
0x00007ff8090b0000 - 0x00007ff8090be000 	C:\Program Files\Java\jdk-16.0.2\bin\instrument.dll
0x00007fffec210000 - 0x00007fffec235000 	C:\Program Files\Java\jdk-16.0.2\bin\java.dll
0x00007ff811a70000 - 0x00007ff8121af000 	C:\WINDOWS\System32\SHELL32.dll
0x00007ff80eef0000 - 0x00007ff80f680000 	C:\WINDOWS\SYSTEM32\windows.storage.dll
0x00007ff8122d0000 - 0x00007ff812625000 	C:\WINDOWS\System32\combase.dll
0x00007ff810820000 - 0x00007ff81084c000 	C:\WINDOWS\SYSTEM32\Wldp.dll
0x00007ff811700000 - 0x00007ff8117ad000 	C:\WINDOWS\System32\SHCORE.dll
0x00007ff812640000 - 0x00007ff812695000 	C:\WINDOWS\System32\shlwapi.dll
0x00007ff810d10000 - 0x00007ff810d2f000 	C:\WINDOWS\SYSTEM32\profapi.dll
0x00007ff808d10000 - 0x00007ff808d29000 	C:\Program Files\Java\jdk-16.0.2\bin\net.dll
0x00007ff8063b0000 - 0x00007ff8064b8000 	C:\WINDOWS\SYSTEM32\WINHTTP.dll
0x00007ff810580000 - 0x00007ff8105ea000 	C:\WINDOWS\system32\mswsock.dll
0x00007ff808c30000 - 0x00007ff808c43000 	C:\Program Files\Java\jdk-16.0.2\bin\nio.dll
0x00007fffec120000 - 0x00007fffec138000 	C:\Program Files\Java\jdk-16.0.2\bin\zip.dll
0x00007fffebec0000 - 0x00007fffebeda000 	C:\Program Files\JetBrains\IntelliJ IDEA 2021.2.1\bin\breakgen64.dll
0x0000018a49b80000 - 0x0000018a49b83000 	C:\Users\neige\.openjfx\cache\16\api-ms-win-core-console-l1-1-0.dll
0x0000018a49b90000 - 0x0000018a49b93000 	C:\Users\neige\.openjfx\cache\16\api-ms-win-core-console-l1-2-0.dll
0x0000018a6c920000 - 0x0000018a6c923000 	C:\Users\neige\.openjfx\cache\16\api-ms-win-core-datetime-l1-1-0.dll
0x0000018a6c930000 - 0x0000018a6c933000 	C:\Users\neige\.openjfx\cache\16\api-ms-win-core-debug-l1-1-0.dll
0x0000018a6c940000 - 0x0000018a6c943000 	C:\Users\neige\.openjfx\cache\16\api-ms-win-core-errorhandling-l1-1-0.dll
0x0000018a6c950000 - 0x0000018a6c954000 	C:\Users\neige\.openjfx\cache\16\api-ms-win-core-file-l1-1-0.dll
0x0000018a6c960000 - 0x0000018a6c963000 	C:\Users\neige\.openjfx\cache\16\api-ms-win-core-file-l1-2-0.dll
0x0000018a6c970000 - 0x0000018a6c973000 	C:\Users\neige\.openjfx\cache\16\api-ms-win-core-file-l2-1-0.dll
0x0000018a6c980000 - 0x0000018a6c983000 	C:\Users\neige\.openjfx\cache\16\api-ms-win-core-handle-l1-1-0.dll
0x0000018a6c990000 - 0x0000018a6c993000 	C:\Users\neige\.openjfx\cache\16\api-ms-win-core-heap-l1-1-0.dll
0x0000018a6c9a0000 - 0x0000018a6c9a3000 	C:\Users\neige\.openjfx\cache\16\api-ms-win-core-interlocked-l1-1-0.dll
0x0000018a6c9b0000 - 0x0000018a6c9b3000 	C:\Users\neige\.openjfx\cache\16\api-ms-win-core-libraryloader-l1-1-0.dll
0x0000018a6c9c0000 - 0x0000018a6c9c3000 	C:\Users\neige\.openjfx\cache\16\api-ms-win-core-localization-l1-2-0.dll
0x0000018a6c9d0000 - 0x0000018a6c9d3000 	C:\Users\neige\.openjfx\cache\16\api-ms-win-core-memory-l1-1-0.dll
0x0000018a6c9e0000 - 0x0000018a6c9e3000 	C:\Users\neige\.openjfx\cache\16\api-ms-win-core-namedpipe-l1-1-0.dll
0x0000018a6c9f0000 - 0x0000018a6c9f3000 	C:\Users\neige\.openjfx\cache\16\api-ms-win-core-processenvironment-l1-1-0.dll
0x0000018a6ca00000 - 0x0000018a6ca03000 	C:\Users\neige\.openjfx\cache\16\api-ms-win-core-processthreads-l1-1-0.dll
0x0000018a6ca10000 - 0x0000018a6ca13000 	C:\Users\neige\.openjfx\cache\16\api-ms-win-core-processthreads-l1-1-1.dll
0x0000018a6ca20000 - 0x0000018a6ca23000 	C:\Users\neige\.openjfx\cache\16\api-ms-win-core-profile-l1-1-0.dll
0x0000018a6ca30000 - 0x0000018a6ca33000 	C:\Users\neige\.openjfx\cache\16\api-ms-win-core-rtlsupport-l1-1-0.dll
0x0000018a6ca40000 - 0x0000018a6ca43000 	C:\Users\neige\.openjfx\cache\16\api-ms-win-core-string-l1-1-0.dll
0x0000018a6ca50000 - 0x0000018a6ca53000 	C:\Users\neige\.openjfx\cache\16\api-ms-win-core-synch-l1-1-0.dll
0x0000018a6ca60000 - 0x0000018a6ca63000 	C:\Users\neige\.openjfx\cache\16\api-ms-win-core-synch-l1-2-0.dll
0x0000018a6ca70000 - 0x0000018a6ca73000 	C:\Users\neige\.openjfx\cache\16\api-ms-win-core-sysinfo-l1-1-0.dll
0x0000018a6ca80000 - 0x0000018a6ca83000 	C:\Users\neige\.openjfx\cache\16\api-ms-win-core-timezone-l1-1-0.dll
0x0000018a6ca90000 - 0x0000018a6ca93000 	C:\Users\neige\.openjfx\cache\16\api-ms-win-core-util-l1-1-0.dll
0x0000018a6caa0000 - 0x0000018a6caa3000 	C:\Users\neige\.openjfx\cache\16\api-ms-win-crt-conio-l1-1-0.dll
0x0000018a6cab0000 - 0x0000018a6cab4000 	C:\Users\neige\.openjfx\cache\16\api-ms-win-crt-convert-l1-1-0.dll
0x0000018a6cac0000 - 0x0000018a6cac3000 	C:\Users\neige\.openjfx\cache\16\api-ms-win-crt-environment-l1-1-0.dll
0x0000018a6cad0000 - 0x0000018a6cad3000 	C:\Users\neige\.openjfx\cache\16\api-ms-win-crt-filesystem-l1-1-0.dll
0x0000018a6cae0000 - 0x0000018a6cae3000 	C:\Users\neige\.openjfx\cache\16\api-ms-win-crt-heap-l1-1-0.dll
0x0000018a6caf0000 - 0x0000018a6caf3000 	C:\Users\neige\.openjfx\cache\16\api-ms-win-crt-locale-l1-1-0.dll
0x0000018a6cb00000 - 0x0000018a6cb05000 	C:\Users\neige\.openjfx\cache\16\api-ms-win-crt-math-l1-1-0.dll
0x0000018a6cb10000 - 0x0000018a6cb15000 	C:\Users\neige\.openjfx\cache\16\api-ms-win-crt-multibyte-l1-1-0.dll
0x0000018a6cb20000 - 0x0000018a6cb30000 	C:\Users\neige\.openjfx\cache\16\api-ms-win-crt-private-l1-1-0.dll
0x0000018a6cb30000 - 0x0000018a6cb33000 	C:\Users\neige\.openjfx\cache\16\api-ms-win-crt-process-l1-1-0.dll
0x0000018a6cb40000 - 0x0000018a6cb44000 	C:\Users\neige\.openjfx\cache\16\api-ms-win-crt-runtime-l1-1-0.dll
0x0000018a6cb50000 - 0x0000018a6cb54000 	C:\Users\neige\.openjfx\cache\16\api-ms-win-crt-stdio-l1-1-0.dll
0x0000018a6cb60000 - 0x0000018a6cb64000 	C:\Users\neige\.openjfx\cache\16\api-ms-win-crt-string-l1-1-0.dll
0x0000018a6cb70000 - 0x0000018a6cb73000 	C:\Users\neige\.openjfx\cache\16\api-ms-win-crt-time-l1-1-0.dll
0x0000018a6cb80000 - 0x0000018a6cb83000 	C:\Users\neige\.openjfx\cache\16\api-ms-win-crt-utility-l1-1-0.dll
0x00007fffe79f0000 - 0x00007fffe7aec000 	C:\Users\neige\.openjfx\cache\16\ucrtbase.dll
0x00007fffebdd0000 - 0x00007fffebde9000 	C:\Users\neige\.openjfx\cache\16\vcruntime140.dll
0x00007ff808c90000 - 0x00007ff808c9c000 	C:\Users\neige\.openjfx\cache\16\vcruntime140_1.dll
0x00007fffe7950000 - 0x00007fffe79e1000 	C:\Users\neige\.openjfx\cache\16\msvcp140.dll
0x00007fffe7920000 - 0x00007fffe7947000 	C:\Users\neige\.openjfx\cache\16\prism_d3d.dll
0x00007fffc1900000 - 0x00007fffc1ace000 	C:\WINDOWS\system32\d3d9.dll
0x00007ff80eb10000 - 0x00007ff80eb3f000 	C:\WINDOWS\SYSTEM32\dwmapi.dll
0x00007ff80e810000 - 0x00007ff80e8ae000 	C:\WINDOWS\system32\uxtheme.dll
0x00007fffa77e0000 - 0x00007fffa79a0000 	C:\WINDOWS\System32\DriverStore\FileRepository\iigd_dch.inf_amd64_311eac759df0db46\igdumdim64.dll
0x00007ff804ce0000 - 0x00007ff804e32000 	C:\WINDOWS\System32\DriverStore\FileRepository\iigd_dch.inf_amd64_311eac759df0db46\igdgmm64.dll
0x00007fff8ffb0000 - 0x00007fff93b8b000 	C:\WINDOWS\System32\DriverStore\FileRepository\iigd_dch.inf_amd64_311eac759df0db46\igd9dxva64.dll
0x00007ff812d50000 - 0x00007ff812e7a000 	C:\WINDOWS\System32\OLE32.DLL
0x00007ff812f50000 - 0x00007ff81301d000 	C:\WINDOWS\System32\OLEAUT32.dll
0x00007fffe78c0000 - 0x00007fffe7902000 	C:\Users\neige\.openjfx\cache\16\glass.dll
0x00007ff811990000 - 0x00007ff811a6a000 	C:\WINDOWS\System32\COMDLG32.dll
0x00007ff811870000 - 0x00007ff811985000 	C:\WINDOWS\System32\MSCTF.dll
0x00007fffd1840000 - 0x00007fffd1862000 	C:\WINDOWS\System32\DriverStore\FileRepository\iigd_dch.inf_amd64_311eac759df0db46\igdinfo64.dll
0x00007ff802980000 - 0x00007ff804cd6000 	C:\WINDOWS\System32\DriverStore\FileRepository\iigd_dch.inf_amd64_311eac759df0db46\igc64.dll
0x00007ff80b930000 - 0x00007ff80b96b000 	C:\WINDOWS\SYSTEM32\dxcore.dll
0x00007ff811410000 - 0x00007ff81145e000 	C:\WINDOWS\System32\cfgmgr32.dll
0x00007fffe78a0000 - 0x00007fffe78b4000 	C:\Users\neige\.openjfx\cache\16\javafx_font.dll
0x00007fffe6810000 - 0x00007fffe6a93000 	C:\WINDOWS\SYSTEM32\dwrite.dll
0x00007ff8095e0000 - 0x00007ff809794000 	C:\WINDOWS\SYSTEM32\WindowsCodecs.dll
0x00007ff8112a0000 - 0x00007ff8112c7000 	C:\WINDOWS\System32\bcrypt.dll
0x00007fffe2700000 - 0x00007fffe273e000 	C:\WINDOWS\system32\dataexchange.dll
0x00007ff80cb10000 - 0x00007ff80cd74000 	C:\WINDOWS\system32\d3d11.dll
0x00007ff80da40000 - 0x00007ff80dc25000 	C:\WINDOWS\system32\dcomp.dll
0x00007ff80f6c0000 - 0x00007ff80f7b4000 	C:\WINDOWS\system32\dxgi.dll
0x00007ff809b60000 - 0x00007ff809d61000 	C:\WINDOWS\system32\twinapi.appcore.dll
0x00007fffe7740000 - 0x00007fffe7774000 	C:\Program Files\Common Files\Microsoft Shared\Ink\rtscom.dll
0x00007ff808af0000 - 0x00007ff808be9000 	C:\WINDOWS\SYSTEM32\textinputframework.dll
0x00007ff80e310000 - 0x00007ff80e402000 	C:\WINDOWS\System32\CoreMessaging.dll
0x00007ff80dfb0000 - 0x00007ff80e30e000 	C:\WINDOWS\System32\CoreUIComponents.dll
0x00007ff80fac0000 - 0x00007ff80faf3000 	C:\WINDOWS\SYSTEM32\ntmarta.dll
0x00007ff80d8e0000 - 0x00007ff80da34000 	C:\WINDOWS\SYSTEM32\wintypes.dll
0x00007ff810260000 - 0x00007ff81032c000 	C:\WINDOWS\SYSTEM32\DNSAPI.dll
0x00007ff810200000 - 0x00007ff81023b000 	C:\WINDOWS\SYSTEM32\IPHLPAPI.DLL
0x00007ff812630000 - 0x00007ff812638000 	C:\WINDOWS\System32\NSI.dll
0x00007ff804f30000 - 0x00007ff804f3a000 	C:\Windows\System32\rasadhlp.dll
0x00007ff804e50000 - 0x00007ff804ecf000 	C:\WINDOWS\System32\fwpuclnt.dll
0x00007fffe7870000 - 0x00007fffe789d000 	C:\Users\neige\.openjfx\cache\16\javafx_iio.dll

dbghelp: loaded successfully - version: 4.0.5 - missing functions: none
symbol engine: initialized successfully - sym options: 0x614 - pdb path: .;C:\Program Files\Java\jdk-16.0.2\bin;C:\WINDOWS\SYSTEM32;C:\WINDOWS\WinSxS\amd64_microsoft.windows.common-controls_6595b64144ccf1df_6.0.19041.1110_none_60b5254171f9507e;C:\Program Files\Java\jdk-16.0.2\bin\server;C:\Program Files\JetBrains\IntelliJ IDEA 2021.2.1\bin;C:\Users\neige\.openjfx\cache\16;C:\WINDOWS\System32\DriverStore\FileRepository\iigd_dch.inf_amd64_311eac759df0db46;C:\Program Files\Common Files\Microsoft Shared\Ink

VM Arguments:
jvm_args: -javaagent:C:\Program Files\JetBrains\IntelliJ IDEA 2021.2.1\lib\idea_rt.jar=55205:C:\Program Files\JetBrains\IntelliJ IDEA 2021.2.1\bin -Dfile.encoding=UTF-8 --module-path=C:\Users\neige\.m2\repository\org\openjfx\javafx-fxml\16\javafx-fxml-16-win.jar;C:\Users\neige\source\Java_repos\PROJ207_Group5_Module6_JavaFX-DARK2\target\classes;C:\Users\neige\.m2\repository\org\openjfx\javafx-controls\16\javafx-controls-16-win.jar;C:\Users\neige\.m2\repository\org\openjfx\javafx-graphics\16\javafx-graphics-16-win.jar;C:\Users\neige\.m2\repository\org\openjfx\javafx-base\16\javafx-base-16-win.jar -Djdk.module.main=com.te.dbmanager 
java_command: com.te.dbmanager/com.te.dbmanager.TravelExpertsApplication
java_class_path (initial): C:\Users\neige\.m2\repository\mysql\mysql-connector-java\8.0.26\mysql-connector-java-8.0.26.jar;C:\Users\neige\.m2\repository\com\google\protobuf\protobuf-java\3.11.4\protobuf-java-3.11.4.jar;C:\Users\neige\.m2\repository\org\openjfx\javafx-controls\16\javafx-controls-16.jar;C:\Users\neige\.m2\repository\org\openjfx\javafx-graphics\16\javafx-graphics-16.jar;C:\Users\neige\.m2\repository\org\openjfx\javafx-base\16\javafx-base-16.jar;C:\Users\neige\.m2\repository\org\openjfx\javafx-fxml\16\javafx-fxml-16.jar
Launcher Type: SUN_STANDARD

[Global flags]
     intx CICompilerCount                          = 4                                         {product} {ergonomic}
     uint ConcGCThreads                            = 2                                         {product} {ergonomic}
     uint G1ConcRefinementThreads                  = 8                                         {product} {ergonomic}
   size_t G1HeapRegionSize                         = 2097152                                   {product} {ergonomic}
    uintx GCDrainStackTargetSize                   = 64                                        {product} {ergonomic}
   size_t InitialHeapSize                          = 268435456                                 {product} {ergonomic}
   size_t MarkStackSize                            = 4194304                                   {product} {ergonomic}
   size_t MaxHeapSize                              = 4263510016                                {product} {ergonomic}
   size_t MaxNewSize                               = 2556428288                                {product} {ergonomic}
   size_t MinHeapDeltaBytes                        = 2097152                                   {product} {ergonomic}
   size_t MinHeapSize                              = 8388608                                   {product} {ergonomic}
    uintx NonNMethodCodeHeapSize                   = 5839372                                {pd product} {ergonomic}
    uintx NonProfiledCodeHeapSize                  = 122909434                              {pd product} {ergonomic}
    uintx ProfiledCodeHeapSize                     = 122909434                              {pd product} {ergonomic}
    uintx ReservedCodeCacheSize                    = 251658240                              {pd product} {ergonomic}
     bool SegmentedCodeCache                       = true                                      {product} {ergonomic}
   size_t SoftMaxHeapSize                          = 4263510016                             {manageable} {ergonomic}
     bool UseCompressedClassPointers               = true                           {product lp64_product} {ergonomic}
     bool UseCompressedOops                        = true                           {product lp64_product} {ergonomic}
     bool UseG1GC                                  = true                                      {product} {ergonomic}
     bool UseLargePagesIndividualAllocation        = false                                  {pd product} {ergonomic}

Logging:
Log output configuration:
 #0: stdout all=off uptime,level,tags
 #1: stderr all=off uptime,level,tags

Environment Variables:
PATH=C:\Program Files\Common Files\Oracle\Java\javapath;C:\Program Files (x86)\VMware\VMware Workstation\bin\;C:\WINDOWS\system32;C:\WINDOWS;C:\WINDOWS\System32\Wbem;C:\WINDOWS\System32\WindowsPowerShell\v1.0\;C:\WINDOWS\System32\OpenSSH\;C:\Program Files\Intel\WiFi\bin\;C:\Program Files\Common Files\Intel\WirelessCommon\;C:\Program Files\Acer ProShield\;C:\Program Files\Acer ProShield\x86;C:\Program Files\Git\cmd;C:\Program Files\nodejs\;C:\Program Files\dotnet\;C:\Program Files\Microsoft SQL Server\130\Tools\Binn\;C:\Program Files\Microsoft SQL Server\Client SDK\ODBC\170\Tools\Binn\;C:\Program Files (x86)\Microsoft SQL Server\150\Tools\Binn\;C:\Program Files\Microsoft SQL Server\150\Tools\Binn\;C:\Program Files\Microsoft SQL Server\150\DTS\Binn\;C:\Program Files (x86)\Microsoft SQL Server\150\DTS\Binn\;C:\Program Files\Azure Data Studio\bin;C:\Program Files\PuTTY\;C:\Users\neige\AppData\Local\Programs\Python\Python39\Scripts\;C:\Users\neige\AppData\Local\Programs\Python\Python39\;C:\Users\neige\AppData\Local\Microsoft\WindowsApps;C:\Users\neige\AppData\Local\Programs\Microsoft VS Code\bin;C:\Users\neige\AppData\Roaming\npm;C:\Users\neige\.dotnet\tools;C:\Program Files\Azure Data Studio\bin;C:\Program Files\JetBrains\IntelliJ IDEA 2021.2.1\bin;;C:\Users\neige\AppData\Local\GitHubDesktop\bin
USERNAME=neige
OS=Windows_NT
PROCESSOR_IDENTIFIER=Intel64 Family 6 Model 158 Stepping 13, GenuineIntel



---------------  S Y S T E M  ---------------

OS:
 Windows 10 , 64 bit Build 19041 (10.0.19041.1202)
OS uptime: 2 days 1:25 hours

CPU: total 8 (initial active 8) (8 cores per cpu, 1 threads per core) family 6 model 158 stepping 13 microcode 0xb0, cx8, cmov, fxsr, mmx, 3dnowpref, sse, sse2, sse3, ssse3, sse4.1, sse4.2, popcnt, lzcnt, tsc, tscinvbit, avx, avx2, erms, clmul, bmi1, bmi2, rtm, adx, fma, vzeroupper, clflush, clflushopt

Memory: 4k page, system-wide physical 16260M (6047M free)
TotalPageFile size 20868M (AvailPageFile size 6377M)
current process WorkingSet (physical memory assigned to process): 215M, peak: 238M
current process commit charge ("private bytes"): 258M, peak: 451M

vm_info: Java HotSpot(TM) 64-Bit Server VM (16.0.2+7-67) for windows-amd64 JRE (16.0.2+7-67), built on Jun  8 2021 23:24:19 by "mach5one" with MS VC++ 16.7 (VS2019)

END.
